0 info it worked if it ends with ok
1 verbose cli [ '/usr/bin/nodejs', '/usr/bin/npm', 'start' ]
2 info using npm@3.10.10
3 info using node@v6.9.4
4 verbose run-script [ 'prestart', 'start', 'poststart' ]
5 info lifecycle CO-OP@1.4.15~prestart: CO-OP@1.4.15
6 silly lifecycle CO-OP@1.4.15~prestart: no script for prestart, continuing
7 info lifecycle CO-OP@1.4.15~start: CO-OP@1.4.15
8 verbose lifecycle CO-OP@1.4.15~start: unsafe-perm in lifecycle true
9 verbose lifecycle CO-OP@1.4.15~start: PATH: /usr/lib/node_modules/npm/bin/node-gyp-bin:/home/debian/Documents/JS/Angular/CO-OP/node_modules/.bin:/usr/local/sbin:/usr/local/bin:/usr/sbin:/usr/bin:/sbin:/bin
10 verbose lifecycle CO-OP@1.4.15~start: CWD: /home/debian/Documents/JS/Angular/CO-OP
11 silly lifecycle CO-OP@1.4.15~start: Args: [ '-c', 'electron index.js' ]
12 silly lifecycle CO-OP@1.4.15~start: Returned: code: 1  signal: null
13 info lifecycle CO-OP@1.4.15~start: Failed to exec start script
14 verbose stack Error: CO-OP@1.4.15 start: `electron index.js`
14 verbose stack Exit status 1
14 verbose stack     at EventEmitter.<anonymous> (/usr/lib/node_modules/npm/lib/utils/lifecycle.js:255:16)
14 verbose stack     at emitTwo (events.js:106:13)
14 verbose stack     at EventEmitter.emit (events.js:191:7)
14 verbose stack     at ChildProcess.<anonymous> (/usr/lib/node_modules/npm/lib/utils/spawn.js:40:14)
14 verbose stack     at emitTwo (events.js:106:13)
14 verbose stack     at ChildProcess.emit (events.js:191:7)
14 verbose stack     at maybeClose (internal/child_process.js:877:16)
14 verbose stack     at Process.ChildProcess._handle.onexit (internal/child_process.js:226:5)
15 verbose pkgid CO-OP@1.4.15
16 verbose cwd /home/debian/Documents/JS/Angular/CO-OP
17 error Linux 4.8.0-2-amd64
18 error argv "/usr/bin/nodejs" "/usr/bin/npm" "start"
19 error node v6.9.4
20 error npm  v3.10.10
21 error code ELIFECYCLE
22 error CO-OP@1.4.15 start: `electron index.js`
22 error Exit status 1
23 error Failed at the CO-OP@1.4.15 start script 'electron index.js'.
23 error Make sure you have the latest version of node.js and npm installed.
23 error If you do, this is most likely a problem with the CO-OP package,
23 error not with npm itself.
23 error Tell the author that this fails on your system:
23 error     electron index.js
23 error You can get information on how to open an issue for this project with:
23 error     npm bugs CO-OP
23 error Or if that isn't available, you can get their info via:
23 error     npm owner ls CO-OP
23 error There is likely additional logging output above.
24 verbose exit [ 1, true ]
